-------------------------------------------------------------------------------
Test set: TestSuite
-------------------------------------------------------------------------------
Tests run: 8, Failures: 1, Errors: 0, Skipped: 0, Time elapsed: 64.207 s <<< FAILURE! - in TestSuite
test02_verifyDefaultUsers(sanity.GrafanaWeb)  Time elapsed: 1.798 s  <<< FAILURE!
java.lang.AssertionError: expected [99] but found [1]
	at sanity.GrafanaWeb.test02_verifyDefaultUsers(GrafanaWeb.java:28)

